Using pre-set license
Built from '2020.2/staging' branch; Version is '2020.2.7f1 (c53830e277f1) revision 12924976'; Using compiler version '192528614'; Build Type 'Release'
OS: 'Windows 7  (6.1.0) 64bit' Language: 'ru' Physical Memory: 24498 MB
BatchMode: 1, IsHumanControllingUs: 0, StartBugReporterOnCrash: 0, Is64bit: 1, IsPro: 0

 COMMAND LINE ARGUMENTS:
E:\Program Files\Unity\2020.2.7f1\Editor\Unity.exe
-adb2
-batchMode
-noUpm
-name
AssetImportWorker0
-projectPath
E:/Users/Vit/Asteroids
-logFile
Logs/AssetImportWorker0.log
-srvPort
50206
Successfully changed project path to: E:/Users/Vit/Asteroids
E:/Users/Vit/Asteroids
Using Asset Import Pipeline V2.
Refreshing native plugins compatible for Editor in 31.89 ms, found 1 plugins.
Preloading 0 native plugins for Editor in 0.00 ms.
Initialize engine version: 2020.2.7f1 (c53830e277f1)
[Subsystems] Discovering subsystems at path E:/Program Files/Unity/2020.2.7f1/Editor/Data/Resources/UnitySubsystems
[Subsystems] Discovering subsystems at path E:/Users/Vit/Asteroids/Assets
GfxDevice: creating device client; threaded=0
d3d11: CreateDXGIFactory2(...) not found, fallbacking to CreateDXGIFactory1(...).
d3d11: QueryInterface(IDXGIFactory5) failed (80004002).
Direct3D:
    Version:  Direct3D 11.0 [level 11.0]
    Renderer: NVIDIA GeForce GTX 950 (ID=0x1402)
    Vendor:   
    VRAM:     1960 MB
    Driver:   30.0.14.7141
Initialize mono
Mono path[0] = 'E:/Program Files/Unity/2020.2.7f1/Editor/Data/Managed'
Mono path[1] = 'E:/Program Files/Unity/2020.2.7f1/Editor/Data/MonoBleedingEdge/lib/mono/unityjit'
Mono config path = 'E:/Program Files/Unity/2020.2.7f1/Editor/Data/MonoBleedingEdge/etc'
Using monoOptions --debugger-agent=transport=dt_socket,embedding=1,server=y,suspend=n,address=127.0.0.1:56284
Begin MonoManager ReloadAssembly
Registering precompiled unity dll's ...
Register platform support module: E:/Program Files/Unity/2020.2.7f1/Editor/Data/PlaybackEngines/WindowsStandaloneSupport/UnityEditor.WindowsStandalone.Extensions.dll
Registered in 0.000891 seconds.
Native extension for WindowsStandalone target not found
Refreshing native plugins compatible for Editor in 32.99 ms, found 1 plugins.
Preloading 0 native plugins for Editor in 0.00 ms.
Invoked RoslynAnalysisRunner static constructor.
RoslynAnalysisRunner will not be running.
RoslynAnalysisRunner has terminated.
Mono: successfully reloaded assembly
- Completed reload, in  1.520 seconds
Platform modules already initialized, skipping
Registering precompiled user dll's ...
Registered in 0.000784 seconds.
Begin MonoManager ReloadAssembly
Native extension for WindowsStandalone target not found
Refreshing native plugins compatible for Editor in 32.76 ms, found 1 plugins.
Preloading 0 native plugins for Editor in 0.00 ms.
Invoked RoslynAnalysisRunner static constructor.
RoslynAnalysisRunner will not be running.
RoslynAnalysisRunner has terminated.
Mono: successfully reloaded assembly
- Completed reload, in  0.911 seconds
Platform modules already initialized, skipping
========================================================================
Worker process is ready to serve import requests
Launched and connected shader compiler UnityShaderCompiler.exe after 0.08 seconds
Refreshing native plugins compatible for Editor in 0.33 ms, found 1 plugins.
Preloading 0 native plugins for Editor in 0.00 ms.
Unloading 1806 Unused Serialized files (Serialized files now loaded: 0)
System memory in use before: 84.5 MB.
System memory in use after: 84.5 MB.

Unloading 24 unused Assets to reduce memory usage. Loaded Objects now: 2248.
Total: 2.239867 ms (FindLiveObjects: 0.227450 ms CreateObjectMapping: 0.080896 ms MarkObjects: 1.820983 ms  DeleteObjects: 0.109154 ms)

========================================================================
Received Import Request.
  path: Assets
  artifactKey: Guid(00000000000000001000000000000000) Importer(815301076,1909f56bfc062723c751e8b465ee728b)
Start importing Assets using Guid(00000000000000001000000000000000) Importer(815301076,1909f56bfc062723c751e8b465ee728b)  -> (artifact id: 'f89434ac489deb914593f829e0a47671') in 0.012499 seconds
  Import took 0.016233 seconds .

========================================================================
Received Import Request.
  Time since last request: 1.002225 seconds.
  path: Assets
  artifactKey: Guid(00000000000000001000000000000000) Importer(815301076,1909f56bfc062723c751e8b465ee728b)
Start importing Assets using Guid(00000000000000001000000000000000) Importer(815301076,1909f56bfc062723c751e8b465ee728b)  -> (artifact id: 'f89434ac489deb914593f829e0a47671') in 0.001795 seconds
  Import took 0.005308 seconds .

========================================================================
Received Import Request.
  Time since last request: 7.657256 seconds.
  path: Assets/Code
  artifactKey: Guid(f2593fc24d2fe7c459bbf72c20851d39) Importer(815301076,1909f56bfc062723c751e8b465ee728b)
Start importing Assets/Code using Guid(f2593fc24d2fe7c459bbf72c20851d39) Importer(815301076,1909f56bfc062723c751e8b465ee728b)  -> (artifact id: '28fbc200f97042299ac1e3465f9cc0e7') in 0.002926 seconds
  Import took 0.007646 seconds .

========================================================================
Received Import Request.
  Time since last request: 24.408848 seconds.
  path: Assets/Code/Player.cs
  artifactKey: Guid(0bf7989f74e934c40864b4de78811726) Importer(815301076,1909f56bfc062723c751e8b465ee728b)
Start importing Assets/Code/Player.cs using Guid(0bf7989f74e934c40864b4de78811726) Importer(815301076,1909f56bfc062723c751e8b465ee728b)  -> (artifact id: 'eb3d3e5600fa0b7cff7017100c0ad0a8') in 0.053240 seconds
  Import took 0.056819 seconds .

========================================================================
Received Prepare
Registering precompiled user dll's ...
Registered in 0.001019 seconds.
Begin MonoManager ReloadAssembly
Native extension for WindowsStandalone target not found
Refreshing native plugins compatible for Editor in 0.55 ms, found 1 plugins.
Preloading 0 native plugins for Editor in 0.00 ms.
Invoked RoslynAnalysisRunner static constructor.
RoslynAnalysisRunner will not be running.
RoslynAnalysisRunner has terminated.
Mono: successfully reloaded assembly
- Completed reload, in  0.818 seconds
Platform modules already initialized, skipping
Refreshing native plugins compatible for Editor in 0.59 ms, found 1 plugins.
Preloading 0 native plugins for Editor in 0.00 ms.
Unloading 1802 Unused Serialized files (Serialized files now loaded: 0)
System memory in use before: 84.5 MB.
System memory in use after: 84.5 MB.

Unloading 12 unused Assets to reduce memory usage. Loaded Objects now: 2253.
Total: 1.882763 ms (FindLiveObjects: 0.183677 ms CreateObjectMapping: 0.069537 ms MarkObjects: 1.531753 ms  DeleteObjects: 0.096964 ms)

========================================================================
Received Prepare
Registering precompiled user dll's ...
Registered in 0.001574 seconds.
Begin MonoManager ReloadAssembly
Native extension for WindowsStandalone target not found
Refreshing native plugins compatible for Editor in 0.34 ms, found 1 plugins.
Preloading 0 native plugins for Editor in 0.00 ms.
Invoked RoslynAnalysisRunner static constructor.
RoslynAnalysisRunner will not be running.
RoslynAnalysisRunner has terminated.
Mono: successfully reloaded assembly
- Completed reload, in  0.898 seconds
Platform modules already initialized, skipping
Refreshing native plugins compatible for Editor in 0.35 ms, found 1 plugins.
Preloading 0 native plugins for Editor in 0.00 ms.
Unloading 1802 Unused Serialized files (Serialized files now loaded: 0)
System memory in use before: 84.6 MB.
System memory in use after: 84.5 MB.

Unloading 12 unused Assets to reduce memory usage. Loaded Objects now: 2257.
Total: 2.541010 ms (FindLiveObjects: 0.184232 ms CreateObjectMapping: 0.071753 ms MarkObjects: 2.171715 ms  DeleteObjects: 0.111370 ms)

========================================================================
Received Import Request.
  Time since last request: 562.929175 seconds.
  path: Assets/Code/Player.cs
  artifactKey: Guid(0bf7989f74e934c40864b4de78811726) Importer(815301076,1909f56bfc062723c751e8b465ee728b)
Start importing Assets/Code/Player.cs using Guid(0bf7989f74e934c40864b4de78811726) Importer(815301076,1909f56bfc062723c751e8b465ee728b)  -> (artifact id: '6f788a73f1e743c6e7ebf30411990a12') in 0.004617 seconds
  Import took 0.007749 seconds .

========================================================================
Received Import Request.
  Time since last request: 76.928879 seconds.
  path: Assets/Code/MoveTransform.cs
  artifactKey: Guid(17554b2fc7b8eec47bf501f46f0a96cd) Importer(815301076,1909f56bfc062723c751e8b465ee728b)
Start importing Assets/Code/MoveTransform.cs using Guid(17554b2fc7b8eec47bf501f46f0a96cd) Importer(815301076,1909f56bfc062723c751e8b465ee728b)  -> (artifact id: '5202b1cab634639e437e6498fec19fc6') in 0.002514 seconds
  Import took 0.011141 seconds .

========================================================================
Received Prepare
Registering precompiled user dll's ...
Registered in 0.001551 seconds.
Begin MonoManager ReloadAssembly
Native extension for WindowsStandalone target not found
Refreshing native plugins compatible for Editor in 0.35 ms, found 1 plugins.
Preloading 0 native plugins for Editor in 0.00 ms.
Invoked RoslynAnalysisRunner static constructor.
RoslynAnalysisRunner will not be running.
RoslynAnalysisRunner has terminated.
Mono: successfully reloaded assembly
- Completed reload, in  1.137 seconds
Platform modules already initialized, skipping
Refreshing native plugins compatible for Editor in 0.33 ms, found 1 plugins.
Preloading 0 native plugins for Editor in 0.00 ms.
Unloading 1803 Unused Serialized files (Serialized files now loaded: 0)
System memory in use before: 84.6 MB.
System memory in use after: 84.6 MB.

Unloading 12 unused Assets to reduce memory usage. Loaded Objects now: 2262.
Total: 2.147059 ms (FindLiveObjects: 0.263742 ms CreateObjectMapping: 0.074801 ms MarkObjects: 1.703241 ms  DeleteObjects: 0.103890 ms)

========================================================================
Received Prepare
Registering precompiled user dll's ...
Registered in 0.001106 seconds.
Begin MonoManager ReloadAssembly
Native extension for WindowsStandalone target not found
Refreshing native plugins compatible for Editor in 0.34 ms, found 1 plugins.
Preloading 0 native plugins for Editor in 0.00 ms.
Invoked RoslynAnalysisRunner static constructor.
RoslynAnalysisRunner will not be running.
RoslynAnalysisRunner has terminated.
Mono: successfully reloaded assembly
- Completed reload, in  0.834 seconds
Platform modules already initialized, skipping
Refreshing native plugins compatible for Editor in 0.48 ms, found 1 plugins.
Preloading 0 native plugins for Editor in 0.00 ms.
Unloading 1803 Unused Serialized files (Serialized files now loaded: 0)
System memory in use before: 84.6 MB.
System memory in use after: 84.6 MB.

Unloading 12 unused Assets to reduce memory usage. Loaded Objects now: 2266.
Total: 1.971693 ms (FindLiveObjects: 0.181738 ms CreateObjectMapping: 0.069260 ms MarkObjects: 1.592979 ms  DeleteObjects: 0.126330 ms)

========================================================================
Received Prepare
Registering precompiled user dll's ...
Registered in 0.001235 seconds.
Begin MonoManager ReloadAssembly
Native extension for WindowsStandalone target not found
Refreshing native plugins compatible for Editor in 0.46 ms, found 1 plugins.
Preloading 0 native plugins for Editor in 0.00 ms.
Invoked RoslynAnalysisRunner static constructor.
RoslynAnalysisRunner will not be running.
RoslynAnalysisRunner has terminated.
Mono: successfully reloaded assembly
- Completed reload, in  0.827 seconds
Platform modules already initialized, skipping
Refreshing native plugins compatible for Editor in 0.33 ms, found 1 plugins.
Preloading 0 native plugins for Editor in 0.00 ms.
Unloading 1803 Unused Serialized files (Serialized files now loaded: 0)
System memory in use before: 84.6 MB.
System memory in use after: 84.6 MB.

Unloading 12 unused Assets to reduce memory usage. Loaded Objects now: 2270.
Total: 2.232664 ms (FindLiveObjects: 0.229943 ms CreateObjectMapping: 0.088930 ms MarkObjects: 1.817104 ms  DeleteObjects: 0.095025 ms)

========================================================================
Received Import Request.
  Time since last request: 2887.038289 seconds.
  path: Assets/Code/MoveTransform.cs
  artifactKey: Guid(17554b2fc7b8eec47bf501f46f0a96cd) Importer(815301076,1909f56bfc062723c751e8b465ee728b)
Start importing Assets/Code/MoveTransform.cs using Guid(17554b2fc7b8eec47bf501f46f0a96cd) Importer(815301076,1909f56bfc062723c751e8b465ee728b)  -> (artifact id: '9eb571ff7d3d7aecca6306d9070e7c4e') in 0.003894 seconds
  Import took 0.007017 seconds .

========================================================================
Received Import Request.
  Time since last request: 6.018037 seconds.
  path: Assets/Code/Fire.cs
  artifactKey: Guid(92735355228b768459123a60324b84d9) Importer(815301076,1909f56bfc062723c751e8b465ee728b)
Start importing Assets/Code/Fire.cs using Guid(92735355228b768459123a60324b84d9) Importer(815301076,1909f56bfc062723c751e8b465ee728b)  -> (artifact id: 'cc9ef81cc6b8a66366bec84e578c6c48') in 0.003583 seconds
  Import took 0.007973 seconds .

========================================================================
Received Prepare
Registering precompiled user dll's ...
Registered in 0.000900 seconds.
Begin MonoManager ReloadAssembly
Native extension for WindowsStandalone target not found
Refreshing native plugins compatible for Editor in 0.52 ms, found 1 plugins.
Preloading 0 native plugins for Editor in 0.00 ms.
Invoked RoslynAnalysisRunner static constructor.
RoslynAnalysisRunner will not be running.
RoslynAnalysisRunner has terminated.
Mono: successfully reloaded assembly
- Completed reload, in  1.013 seconds
Platform modules already initialized, skipping
Refreshing native plugins compatible for Editor in 0.33 ms, found 1 plugins.
Preloading 0 native plugins for Editor in 0.00 ms.
Unloading 1804 Unused Serialized files (Serialized files now loaded: 0)
System memory in use before: 84.7 MB.
System memory in use after: 84.6 MB.

Unloading 12 unused Assets to reduce memory usage. Loaded Objects now: 2275.
Total: 1.923765 ms (FindLiveObjects: 0.207503 ms CreateObjectMapping: 0.065381 ms MarkObjects: 1.550038 ms  DeleteObjects: 0.100011 ms)

========================================================================
Received Prepare
Registering precompiled user dll's ...
Registered in 0.001175 seconds.
Begin MonoManager ReloadAssembly
Native extension for WindowsStandalone target not found
Refreshing native plugins compatible for Editor in 0.33 ms, found 1 plugins.
Preloading 0 native plugins for Editor in 0.00 ms.
Invoked RoslynAnalysisRunner static constructor.
RoslynAnalysisRunner will not be running.
RoslynAnalysisRunner has terminated.
Mono: successfully reloaded assembly
- Completed reload, in  0.992 seconds
Platform modules already initialized, skipping
Refreshing native plugins compatible for Editor in 0.54 ms, found 1 plugins.
Preloading 0 native plugins for Editor in 0.00 ms.
Unloading 1804 Unused Serialized files (Serialized files now loaded: 0)
System memory in use before: 84.7 MB.
System memory in use after: 84.7 MB.

Unloading 12 unused Assets to reduce memory usage. Loaded Objects now: 2279.
Total: 2.522171 ms (FindLiveObjects: 0.241856 ms CreateObjectMapping: 0.078679 ms MarkObjects: 1.990531 ms  DeleteObjects: 0.209719 ms)

========================================================================
Received Import Request.
  Time since last request: 303.482941 seconds.
  path: Assets/Code/Fire.cs
  artifactKey: Guid(92735355228b768459123a60324b84d9) Importer(815301076,1909f56bfc062723c751e8b465ee728b)
Start importing Assets/Code/Fire.cs using Guid(92735355228b768459123a60324b84d9) Importer(815301076,1909f56bfc062723c751e8b465ee728b)  -> (artifact id: 'f9631e70c21be1c69fea64f516ca3907') in 0.004949 seconds
  Import took 0.007993 seconds .

========================================================================
Received Import Request.
  Time since last request: 7.551089 seconds.
  path: Assets/Code/Damage.cs
  artifactKey: Guid(a82c68416bdc2e44dbacf6f82fd196ac) Importer(815301076,1909f56bfc062723c751e8b465ee728b)
Start importing Assets/Code/Damage.cs using Guid(a82c68416bdc2e44dbacf6f82fd196ac) Importer(815301076,1909f56bfc062723c751e8b465ee728b)  -> (artifact id: 'e33e20981dc137f0aaf90bbd847064d8') in 0.005380 seconds
  Import took 0.014403 seconds .

========================================================================
Received Prepare
Registering precompiled user dll's ...
Registered in 0.001024 seconds.
Begin MonoManager ReloadAssembly
Native extension for WindowsStandalone target not found
Refreshing native plugins compatible for Editor in 0.34 ms, found 1 plugins.
Preloading 0 native plugins for Editor in 0.00 ms.
Invoked RoslynAnalysisRunner static constructor.
RoslynAnalysisRunner will not be running.
RoslynAnalysisRunner has terminated.
Mono: successfully reloaded assembly
- Completed reload, in  1.071 seconds
Platform modules already initialized, skipping
Refreshing native plugins compatible for Editor in 0.35 ms, found 1 plugins.
Preloading 0 native plugins for Editor in 0.00 ms.
Unloading 1805 Unused Serialized files (Serialized files now loaded: 0)
System memory in use before: 84.7 MB.
System memory in use after: 84.7 MB.

Unloading 12 unused Assets to reduce memory usage. Loaded Objects now: 2284.
Total: 2.160080 ms (FindLiveObjects: 0.283412 ms CreateObjectMapping: 0.108877 ms MarkObjects: 1.666118 ms  DeleteObjects: 0.100288 ms)

========================================================================
Received Prepare
Registering precompiled user dll's ...
Registered in 0.000922 seconds.
Begin MonoManager ReloadAssembly
Native extension for WindowsStandalone target not found
Refreshing native plugins compatible for Editor in 0.38 ms, found 1 plugins.
Preloading 0 native plugins for Editor in 0.00 ms.
Invoked RoslynAnalysisRunner static constructor.
RoslynAnalysisRunner will not be running.
RoslynAnalysisRunner has terminated.
Mono: successfully reloaded assembly
- Completed reload, in  0.938 seconds
Platform modules already initialized, skipping
Refreshing native plugins compatible for Editor in 0.37 ms, found 1 plugins.
Preloading 0 native plugins for Editor in 0.00 ms.
Unloading 1805 Unused Serialized files (Serialized files now loaded: 0)
System memory in use before: 84.7 MB.
System memory in use after: 84.7 MB.

Unloading 12 unused Assets to reduce memory usage. Loaded Objects now: 2288.
Total: 2.449032 ms (FindLiveObjects: 0.281195 ms CreateObjectMapping: 0.078679 ms MarkObjects: 1.960888 ms  DeleteObjects: 0.126330 ms)

========================================================================
Received Import Request.
  Time since last request: 821.990847 seconds.
  path: Assets/Code/Damage.cs
  artifactKey: Guid(a82c68416bdc2e44dbacf6f82fd196ac) Importer(815301076,1909f56bfc062723c751e8b465ee728b)
Start importing Assets/Code/Damage.cs using Guid(a82c68416bdc2e44dbacf6f82fd196ac) Importer(815301076,1909f56bfc062723c751e8b465ee728b)  -> (artifact id: '6c7562caaf3994368da6e99e389395d3') in 0.004739 seconds
  Import took 0.007836 seconds .

========================================================================
Received Import Request.
  Time since last request: 2052.560161 seconds.
  path: Assets/Code/MoveTransform.cs
  artifactKey: Guid(17554b2fc7b8eec47bf501f46f0a96cd) Importer(815301076,1909f56bfc062723c751e8b465ee728b)
Start importing Assets/Code/MoveTransform.cs using Guid(17554b2fc7b8eec47bf501f46f0a96cd) Importer(815301076,1909f56bfc062723c751e8b465ee728b)  -> (artifact id: '209f13697fc26d8136934ae8e57e972c') in 0.002019 seconds
  Import took 0.005324 seconds .

========================================================================
Received Prepare
Registering precompiled user dll's ...
Registered in 0.001440 seconds.
Begin MonoManager ReloadAssembly
Native extension for WindowsStandalone target not found
Refreshing native plugins compatible for Editor in 0.75 ms, found 1 plugins.
Preloading 0 native plugins for Editor in 0.00 ms.
Invoked RoslynAnalysisRunner static constructor.
RoslynAnalysisRunner will not be running.
RoslynAnalysisRunner has terminated.
Mono: successfully reloaded assembly
- Completed reload, in  2.239 seconds
Platform modules already initialized, skipping
Refreshing native plugins compatible for Editor in 0.50 ms, found 1 plugins.
Preloading 0 native plugins for Editor in 0.00 ms.
Unloading 1805 Unused Serialized files (Serialized files now loaded: 0)
System memory in use before: 84.7 MB.
System memory in use after: 84.7 MB.

Unloading 12 unused Assets to reduce memory usage. Loaded Objects now: 2292.
Total: 5.128562 ms (FindLiveObjects: 0.292000 ms CreateObjectMapping: 0.115249 ms MarkObjects: 4.549548 ms  DeleteObjects: 0.169548 ms)

========================================================================
Received Prepare
Registering precompiled user dll's ...
Registered in 0.000890 seconds.
Begin MonoManager ReloadAssembly
Native extension for WindowsStandalone target not found
Refreshing native plugins compatible for Editor in 0.57 ms, found 1 plugins.
Preloading 0 native plugins for Editor in 0.00 ms.
Invoked RoslynAnalysisRunner static constructor.
RoslynAnalysisRunner will not be running.
RoslynAnalysisRunner has terminated.
Mono: successfully reloaded assembly
- Completed reload, in  1.023 seconds
Platform modules already initialized, skipping
Refreshing native plugins compatible for Editor in 0.78 ms, found 1 plugins.
Preloading 0 native plugins for Editor in 0.00 ms.
Unloading 1805 Unused Serialized files (Serialized files now loaded: 0)
System memory in use before: 84.7 MB.
System memory in use after: 84.7 MB.

Unloading 12 unused Assets to reduce memory usage. Loaded Objects now: 2296.
Total: 3.351074 ms (FindLiveObjects: 0.471522 ms CreateObjectMapping: 0.164008 ms MarkObjects: 2.580349 ms  DeleteObjects: 0.132979 ms)

========================================================================
Received Prepare
Registering precompiled user dll's ...
Registered in 0.000825 seconds.
Begin MonoManager ReloadAssembly
Native extension for WindowsStandalone target not found
Refreshing native plugins compatible for Editor in 0.33 ms, found 1 plugins.
Preloading 0 native plugins for Editor in 0.00 ms.
Invoked RoslynAnalysisRunner static constructor.
RoslynAnalysisRunner will not be running.
RoslynAnalysisRunner has terminated.
Mono: successfully reloaded assembly
- Completed reload, in  0.841 seconds
Platform modules already initialized, skipping
Refreshing native plugins compatible for Editor in 0.38 ms, found 1 plugins.
Preloading 0 native plugins for Editor in 0.00 ms.
Unloading 1805 Unused Serialized files (Serialized files now loaded: 0)
System memory in use before: 84.7 MB.
System memory in use after: 84.7 MB.

Unloading 12 unused Assets to reduce memory usage. Loaded Objects now: 2300.
Total: 1.919886 ms (FindLiveObjects: 0.240194 ms CreateObjectMapping: 0.068152 ms MarkObjects: 1.504603 ms  DeleteObjects: 0.104721 ms)

AssetImportWorkerClient::OnTransportError - code=2 error=End of file
